<?xml version="1.0" encoding="UTF-8"?>
<!-- Generated by org.testng.reporters.JUnitReportReporter -->
<testsuite name="com.Test.GW_BillingCenter_Test1" tests="1" time="45.165" ignored="0" failures="0" timestamp="01 Apr 2021 12:16:43 GMT" skipped="0" hostname="WSAMZN-V6J8ACQT" errors="0">
  <testcase name="BillingTest" time="45.165" classname="com.Test.GW_BillingCenter_Test1"/>
</testsuite> <!-- com.Test.GW_BillingCenter_Test1 -->
